<?xml version="1.0" encoding="UTF-8"?>
<testsuite name="A new user account can be created if a proper unused username and password are given" tests="1" skipped="0" failures="1" errors="0" timestamp="2019-11-18T21:32:21" hostname="LAPTOP-28SK8BHE" time="0.006">
  <properties/>
  <testcase name="creation is successful with valid username and password" classname="A new user account can be created if a proper unused username and password are given" time="0.006">
    <failure message="java.lang.AssertionError" type="java.lang.AssertionError">java.lang.AssertionError
	at org.junit.Assert.fail(Assert.java:86)
	at org.junit.Assert.assertTrue(Assert.java:41)
	at org.junit.Assert.assertTrue(Assert.java:52)
	at ohtu.Stepdefs.systemWillRespondWith(Stepdefs.java:50)
	at ✽.system will respond with &quot;new user registered&quot;(file:src/test/resources/ohtu/new_user.feature:6)
</failure>
  </testcase>
  <system-out><![CDATA[
Feature: A new user account can be created if a proper unused username and password are given

  Scenario: creation is successful with valid username and password ?[90m# src/test/resources/ohtu/new_user.feature:3?[0m
    ?[32mGiven ?[0m?[32mcommand new is selected?[0m                                   ?[90m# Stepdefs.commandNewSelected()?[0m
    ?[32mWhen ?[0m?[32musername ?[0m?[32m?[1m"jazonih"?[0m?[32m and password ?[0m?[32m?[1m"jazonih123"?[0m?[32m are entered?[0m   ?[90m# Stepdefs.usernameAndPasswordAreEntered(String,String)?[0m
    ?[31mThen ?[0m?[31msystem will respond with ?[0m?[31m?[1m"new user registered"?[0m             ?[90m# Stepdefs.systemWillRespondWith(String)?[0m
      ?[31mjava.lang.AssertionError
	at org.junit.Assert.fail(Assert.java:86)
	at org.junit.Assert.assertTrue(Assert.java:41)
	at org.junit.Assert.assertTrue(Assert.java:52)
	at ohtu.Stepdefs.systemWillRespondWith(Stepdefs.java:50)
	at ?.system will respond with "new user registered"(file:src/test/resources/ohtu/new_user.feature:6)
?[0m
]]></system-out>
  <system-err><![CDATA[]]></system-err>
</testsuite>
